<?xml version="1.0" encoding="UTF-8"?>
<TestRun id="8be5426b-15a2-43db-9712-2a450b09065d" name="Admin@D21 2022-03-10 08:34:01" runUser="D21\Admin" xmlns="http://microsoft.com/schemas/VisualStudio/TeamTest/2010">
  <TestSettings name="Local" id="95556ae4-afe6-44a5-9e69-27dc9a38f9b2">
    <Description>These are default test settings for a local test run.</Description>
    <Deployment enabled="false" runDeploymentRoot="Admin_D21 2022-03-10 08_34_01">
      <DeploymentItem filename="D:\Visual Studio 2010\Projects\Bai1\Bai1\bin\Debug\Bai1.exe" />
    </Deployment>
    <Execution>
      <TestTypeSpecific />
      <AgentRule name="Execution Agents">
      </AgentRule>
    </Execution>
  </TestSettings>
  <Times creation="2022-03-10T08:34:01.5950003+07:00" queuing="2022-03-10T08:34:01.6480003+07:00" start="2022-03-10T08:34:01.6510003+07:00" finish="2022-03-10T08:34:01.8880003+07:00" />
  <ResultSummary outcome="Failed">
    <Counters total="1" executed="1" error="0" failed="1" timeout="0" aborted="0" inconclusive="0" passedButRunAborted="0" notRunnable="0" notExecuted="0" disconnected="0" warning="0" passed="0" completed="0" inProgress="0" pending="0" />
  </ResultSummary>
  <TestDefinitions>
    <UnitTest name="TestPower2" storage="d:\visual studio 2010\projects\bai1\dequytester\bin\debug\dequytester.dll" id="c2c7451b-0387-c5a9-473c-dc70f42e3848">
      <Execution id="984230fb-3ca3-49bc-b849-a94173d059bb" />
      <TestMethod codeBase="D:/Visual Studio 2010/Projects/Bai1/DeQuyTester/bin/Debug/DeQuyTester.DLL" adapterTypeName="Microsoft.VisualStudio.TestTools.TestTypes.Unit.UnitTestAdapter, Microsoft.VisualStudio.QualityTools.Tips.UnitTest.Adapter, Version=10.0.0.0, Culture=neutral, PublicKeyToken=b03f5f7f11d50a3a" className="DeQuyTester.UnitTest1, DeQuyTester, Version=1.0.0.0, Culture=neutral, PublicKeyToken=null" name="TestPower2" />
    </UnitTest>
  </TestDefinitions>
  <TestLists>
    <TestList name="Results Not in a List" id="8c84fa94-04c1-424b-9868-57a2d4851a1d" />
    <TestList name="All Loaded Results" id="19431567-8539-422a-85d7-44ee4e166bda" />
  </TestLists>
  <TestEntries>
    <TestEntry testId="c2c7451b-0387-c5a9-473c-dc70f42e3848" executionId="984230fb-3ca3-49bc-b849-a94173d059bb" testListId="8c84fa94-04c1-424b-9868-57a2d4851a1d" />
  </TestEntries>
  <Results>
    <UnitTestResult executionId="984230fb-3ca3-49bc-b849-a94173d059bb" testId="c2c7451b-0387-c5a9-473c-dc70f42e3848" testName="TestPower2" computerName="D21" duration="00:00:00.1189725" startTime="2022-03-10T08:34:01.6630003+07:00" endTime="2022-03-10T08:34:01.8770003+07:00" testType="13cdc9d9-ddb5-4fa4-a97d-d965ccfc6d4b" outcome="Failed" testListId="8c84fa94-04c1-424b-9868-57a2d4851a1d" relativeResultsDirectory="984230fb-3ca3-49bc-b849-a94173d059bb">
      <Output>
        <ErrorInfo>
          <Message>Assert.AreEqual failed. Expected:&lt;4&gt;. Actual:&lt;2&gt;. </Message>
          <StackTrace>   at DeQuyTester.UnitTest1.TestPower2() in D:\Visual Studio 2010\Projects\Bai1\DeQuyTester\UnitTest1.cs:line 31
</StackTrace>
        </ErrorInfo>
      </Output>
    </UnitTestResult>
  </Results>
</TestRun>