<?xml version="1.0" encoding="UTF-8"?>
<TestRun id="8f10b6b3-9e87-4f95-8794-cefb63adeefe" name="Admin@D21 2022-03-10 08:34:28" runUser="D21\Admin" xmlns="http://microsoft.com/schemas/VisualStudio/TeamTest/2010">
  <TestSettings name="Local" id="95556ae4-afe6-44a5-9e69-27dc9a38f9b2">
    <Description>These are default test settings for a local test run.</Description>
    <Deployment enabled="false" runDeploymentRoot="Admin_D21 2022-03-10 08_34_28">
      <DeploymentItem filename="D:\Visual Studio 2010\Projects\Bai1\Bai1\bin\Debug\Bai1.exe" />
    </Deployment>
    <Execution>
      <TestTypeSpecific />
      <AgentRule name="Execution Agents">
      </AgentRule>
    </Execution>
  </TestSettings>
  <Times creation="2022-03-10T08:34:28.5370003+07:00" queuing="2022-03-10T08:34:28.5720003+07:00" start="2022-03-10T08:34:28.5750003+07:00" finish="2022-03-10T08:34:28.7090003+07:00" />
  <ResultSummary outcome="Failed">
    <Counters total="3" executed="3" passed="2" error="0" failed="1" timeout="0" aborted="0" inconclusive="0" passedButRunAborted="0" notRunnable="0" notExecuted="0" disconnected="0" warning="0" completed="0" inProgress="0" pending="0" />
  </ResultSummary>
  <TestDefinitions>
    <UnitTest name="TestPower1" storage="d:\visual studio 2010\projects\bai1\dequytester\bin\debug\dequytester.dll" id="f2d2f585-6458-2aa5-6a09-a83373293bcd">
      <Execution id="fad1308d-cc4a-4c49-8ff4-42edb164e953" />
      <TestMethod codeBase="D:/Visual Studio 2010/Projects/Bai1/DeQuyTester/bin/Debug/DeQuyTester.DLL" adapterTypeName="Microsoft.VisualStudio.TestTools.TestTypes.Unit.UnitTestAdapter, Microsoft.VisualStudio.QualityTools.Tips.UnitTest.Adapter, Version=10.0.0.0, Culture=neutral, PublicKeyToken=b03f5f7f11d50a3a" className="DeQuyTester.UnitTest1, DeQuyTester, Version=1.0.0.0, Culture=neutral, PublicKeyToken=null" name="TestPower1" />
    </UnitTest>
    <UnitTest name="TestPower2" storage="d:\visual studio 2010\projects\bai1\dequytester\bin\debug\dequytester.dll" id="c2c7451b-0387-c5a9-473c-dc70f42e3848">
      <Execution id="196e4cdc-9d6b-4e97-aae7-8eed18a66be7" />
      <TestMethod codeBase="D:/Visual Studio 2010/Projects/Bai1/DeQuyTester/bin/Debug/DeQuyTester.DLL" adapterTypeName="Microsoft.VisualStudio.TestTools.TestTypes.Unit.UnitTestAdapter, Microsoft.VisualStudio.QualityTools.Tips.UnitTest.Adapter, Version=10.0.0.0, Culture=neutral, PublicKeyToken=b03f5f7f11d50a3a" className="DeQuyTester.UnitTest1, DeQuyTester, Version=1.0.0.0, Culture=neutral, PublicKeyToken=null" name="TestPower2" />
    </UnitTest>
    <UnitTest name="TestPower3" storage="d:\visual studio 2010\projects\bai1\dequytester\bin\debug\dequytester.dll" id="edbf2358-7e33-f1b0-3bb2-f51fe8cf4743">
      <Execution id="f5a60cd8-30c7-4580-8ab8-57f88e32382a" />
      <TestMethod codeBase="D:/Visual Studio 2010/Projects/Bai1/DeQuyTester/bin/Debug/DeQuyTester.DLL" adapterTypeName="Microsoft.VisualStudio.TestTools.TestTypes.Unit.UnitTestAdapter, Microsoft.VisualStudio.QualityTools.Tips.UnitTest.Adapter, Version=10.0.0.0, Culture=neutral, PublicKeyToken=b03f5f7f11d50a3a" className="DeQuyTester.UnitTest1, DeQuyTester, Version=1.0.0.0, Culture=neutral, PublicKeyToken=null" name="TestPower3" />
    </UnitTest>
  </TestDefinitions>
  <TestLists>
    <TestList name="Results Not in a List" id="8c84fa94-04c1-424b-9868-57a2d4851a1d" />
    <TestList name="All Loaded Results" id="19431567-8539-422a-85d7-44ee4e166bda" />
  </TestLists>
  <TestEntries>
    <TestEntry testId="c2c7451b-0387-c5a9-473c-dc70f42e3848" executionId="196e4cdc-9d6b-4e97-aae7-8eed18a66be7" testListId="8c84fa94-04c1-424b-9868-57a2d4851a1d" />
    <TestEntry testId="edbf2358-7e33-f1b0-3bb2-f51fe8cf4743" executionId="f5a60cd8-30c7-4580-8ab8-57f88e32382a" testListId="8c84fa94-04c1-424b-9868-57a2d4851a1d" />
    <TestEntry testId="f2d2f585-6458-2aa5-6a09-a83373293bcd" executionId="fad1308d-cc4a-4c49-8ff4-42edb164e953" testListId="8c84fa94-04c1-424b-9868-57a2d4851a1d" />
  </TestEntries>
  <Results>
    <UnitTestResult executionId="196e4cdc-9d6b-4e97-aae7-8eed18a66be7" testId="c2c7451b-0387-c5a9-473c-dc70f42e3848" testName="TestPower2" computerName="D21" duration="00:00:00.0147873" startTime="2022-03-10T08:34:28.5800003+07:00" endTime="2022-03-10T08:34:28.6890003+07:00" testType="13cdc9d9-ddb5-4fa4-a97d-d965ccfc6d4b" outcome="Failed" testListId="8c84fa94-04c1-424b-9868-57a2d4851a1d" relativeResultsDirectory="196e4cdc-9d6b-4e97-aae7-8eed18a66be7">
      <Output>
        <ErrorInfo>
          <Message>Assert.AreEqual failed. Expected:&lt;4&gt;. Actual:&lt;2&gt;. </Message>
          <StackTrace>   at DeQuyTester.UnitTest1.TestPower2() in D:\Visual Studio 2010\Projects\Bai1\DeQuyTester\UnitTest1.cs:line 31
</StackTrace>
        </ErrorInfo>
      </Output>
    </UnitTestResult>
    <UnitTestResult executionId="f5a60cd8-30c7-4580-8ab8-57f88e32382a" testId="edbf2358-7e33-f1b0-3bb2-f51fe8cf4743" testName="TestPower3" computerName="D21" duration="00:00:00.0001580" startTime="2022-03-10T08:34:28.6930003+07:00" endTime="2022-03-10T08:34:28.6950003+07:00" testType="13cdc9d9-ddb5-4fa4-a97d-d965ccfc6d4b" outcome="Passed" testListId="8c84fa94-04c1-424b-9868-57a2d4851a1d" relativeResultsDirectory="f5a60cd8-30c7-4580-8ab8-57f88e32382a">
    </UnitTestResult>
    <UnitTestResult executionId="fad1308d-cc4a-4c49-8ff4-42edb164e953" testId="f2d2f585-6458-2aa5-6a09-a83373293bcd" testName="TestPower1" computerName="D21" duration="00:00:00.0000873" startTime="2022-03-10T08:34:28.6980003+07:00" endTime="2022-03-10T08:34:28.7000003+07:00" testType="13cdc9d9-ddb5-4fa4-a97d-d965ccfc6d4b" outcome="Passed" testListId="8c84fa94-04c1-424b-9868-57a2d4851a1d" relativeResultsDirectory="fad1308d-cc4a-4c49-8ff4-42edb164e953">
    </UnitTestResult>
  </Results>
</TestRun>