<?xml version="1.0" encoding="UTF-8"?>
<TestRun id="1ad96230-6c27-4c48-aac9-9a4290b81c77" name="Admin@D21 2022-03-17 09:52:54" runUser="D21\Admin" xmlns="http://microsoft.com/schemas/VisualStudio/TeamTest/2010">
  <TestSettings name="Local" id="95556ae4-afe6-44a5-9e69-27dc9a38f9b2">
    <Description>These are default test settings for a local test run.</Description>
    <Deployment enabled="false" runDeploymentRoot="Admin_D21 2022-03-17 09_52_54">
      <DeploymentItem filename="D:\Visual Studio 2010\Projects\Bai1\Bai1\bin\Debug\Bai1.exe" />
      <DeploymentItem filename="D:\Visual Studio 2010\Projects\Bai1\Bai2\bin\Debug\Bai2.exe" />
    </Deployment>
    <Execution>
      <TestTypeSpecific />
      <AgentRule name="Execution Agents">
      </AgentRule>
    </Execution>
  </TestSettings>
  <Times creation="2022-03-17T09:52:54.9810001+07:00" queuing="2022-03-17T09:52:54.9970001+07:00" start="2022-03-17T09:52:55.0000001+07:00" finish="2022-03-17T09:52:55.1200001+07:00" />
  <ResultSummary outcome="Failed">
    <Counters total="1" executed="1" error="0" failed="1" timeout="0" aborted="0" inconclusive="0" passedButRunAborted="0" notRunnable="0" notExecuted="0" disconnected="0" warning="0" passed="0" completed="0" inProgress="0" pending="0" />
  </ResultSummary>
  <TestDefinitions>
    <UnitTest name="PolynomialTrue" storage="d:\visual studio 2010\projects\bai1\dequytester\bin\debug\dequytester.dll" id="2902ec57-8860-a5db-3d7c-462d668a69eb">
      <Execution id="7c20f243-5cc9-4a2c-b9ed-c92a42e10c53" />
      <TestMethod codeBase="D:/Visual Studio 2010/Projects/Bai1/DeQuyTester/bin/Debug/DeQuyTester.DLL" adapterTypeName="Microsoft.VisualStudio.TestTools.TestTypes.Unit.UnitTestAdapter, Microsoft.VisualStudio.QualityTools.Tips.UnitTest.Adapter, Version=10.0.0.0, Culture=neutral, PublicKeyToken=b03f5f7f11d50a3a" className="DeQuyTester.UnitTest1, DeQuyTester, Version=1.0.0.0, Culture=neutral, PublicKeyToken=null" name="PolynomialTrue" />
    </UnitTest>
  </TestDefinitions>
  <TestLists>
    <TestList name="Results Not in a List" id="8c84fa94-04c1-424b-9868-57a2d4851a1d" />
    <TestList name="All Loaded Results" id="19431567-8539-422a-85d7-44ee4e166bda" />
  </TestLists>
  <TestEntries>
    <TestEntry testId="2902ec57-8860-a5db-3d7c-462d668a69eb" executionId="7c20f243-5cc9-4a2c-b9ed-c92a42e10c53" testListId="8c84fa94-04c1-424b-9868-57a2d4851a1d" />
  </TestEntries>
  <Results>
    <UnitTestResult executionId="7c20f243-5cc9-4a2c-b9ed-c92a42e10c53" testId="2902ec57-8860-a5db-3d7c-462d668a69eb" testName="PolynomialTrue" computerName="D21" duration="00:00:00.0126287" startTime="2022-03-17T09:52:55.0040001+07:00" endTime="2022-03-17T09:52:55.1100001+07:00" testType="13cdc9d9-ddb5-4fa4-a97d-d965ccfc6d4b" outcome="Failed" testListId="8c84fa94-04c1-424b-9868-57a2d4851a1d" relativeResultsDirectory="7c20f243-5cc9-4a2c-b9ed-c92a42e10c53">
      <Output>
        <ErrorInfo>
          <Message>Test method DeQuyTester.UnitTest1.PolynomialTrue did not throw expected exception System.ArgumentException.</Message>
        </ErrorInfo>
      </Output>
    </UnitTestResult>
  </Results>
</TestRun>